<?xml version="1.0" encoding="UTF-8"?>
<!-- Generated by org.testng.reporters.JUnitReportReporter -->
<testsuite hostname="DESKTOP-T6SC6MV" failures="0" tests="1" name="practice.practice" time="0.013" errors="0" timestamp="2023-03-24T12:30:31 IST" skipped="0">
  <testcase classname="practice.practice" name="sample" time="0.013"/>
  <system-out/>
</testsuite> <!-- practice.practice -->
