<?xml version="1.0" encoding="UTF-8"?>
<!-- Generated by org.testng.reporters.JUnitReportReporter -->
<testsuite hostname="DESKTOP-T6SC6MV" failures="0" tests="1" name="practice.Demo" time="0.012" errors="0" timestamp="2023-03-24T12:42:08 IST" skipped="0">
  <testcase classname="practice.Demo" name="demo" time="0.012"/>
  <system-out/>
</testsuite> <!-- practice.Demo -->
